This is pdfTeX, Version 3.141592653-2.6-1.40.24 (MiKTeX 22.3) (preloaded format=pdflatex 2022.6.19)  21 JUN 2022 08:20
entering extended mode
 restricted \write18 enabled.
 %&-line parsing enabled.
**./fastmain.tex
(fastmain.tex
LaTeX2e <2022-06-01> pre-release-0 (develop 2022-6-19 branch)
L3 programming layer <2022-06-02> (LegrandOrangeBook.cls
Document Class: LegrandOrangeBook 2022/01/26 The Legrand Orange Book Class v3.0

(E:\Programas x86\MikTex\tex/latex/base\book.cls
Document Class: book 2021/10/04 v1.4n Standard LaTeX document class
(E:\Programas x86\MikTex\tex/latex/base\fleqn.clo
File: fleqn.clo 2016/12/29 v1.2b Standard LaTeX option (flush left equations)
\mathindent=\skip47
Applying: [2015/01/01] Make \[ robust on input line 50.
LaTeX Info: Redefining \[ on input line 51.
Already applied: [0000/00/00] Make \[ robust on input line 62.
Applying: [2015/01/01] Make \] robust on input line 74.
LaTeX Info: Redefining \] on input line 75.
Already applied: [0000/00/00] Make \] robust on input line 83.
)
(E:\Programas x86\MikTex\tex/latex/base\bk12.clo
File: bk12.clo 2021/10/04 v1.4n Standard LaTeX file (size option)
)
\c@part=\count185
\c@chapter=\count186
\c@section=\count187
\c@subsection=\count188
\c@subsubsection=\count189
\c@paragraph=\count190
\c@subparagraph=\count191
\c@figure=\count192
\c@table=\count193
\abovecaptionskip=\skip48
\belowcaptionskip=\skip49
\bibindent=\dimen138
)
(E:\Programas x86\MikTex\tex/latex/graphics\graphicx.sty
Package: graphicx 2021/09/16 v1.2d Enhanced LaTeX Graphics (DPC,SPQR)

(E:\Programas x86\MikTex\tex/latex/graphics\keyval.sty
Package: keyval 2022/05/29 v1.15 key=value parser (DPC)
\KV@toks@=\toks16
)
(E:\Programas x86\MikTex\tex/latex/graphics\graphics.sty
Package: graphics 2022/03/10 v1.4e Standard LaTeX Graphics (DPC,SPQR)

(E:\Programas x86\MikTex\tex/latex/graphics\trig.sty
Package: trig 2021/08/11 v1.11 sin cos tan (DPC)
)
(E:\Programas x86\MikTex\tex/latex/graphics-cfg\graphics.cfg
File: graphics.cfg 2016/06/04 v1.11 sample graphics configuration
)
Package graphics Info: Driver file: pdftex.def on input line 107.

(E:\Programas x86\MikTex\tex/latex/graphics-def\pdftex.def
File: pdftex.def 2020/10/05 v1.2a Graphics/color driver for pdftex
))
\Gin@req@height=\dimen139
\Gin@req@width=\dimen140
)
(E:\Programas x86\MikTex\tex/latex/subfig\subfig.sty
Package: subfig 2005/06/28 ver: 1.3 subfig package

(E:\Programas x86\MikTex\tex/latex/caption\caption.sty
Package: caption 2022/03/01 v3.6b Customizing captions (AR)

(E:\Programas x86\MikTex\tex/latex/caption\caption3.sty
Package: caption3 2022/03/17 v2.3b caption3 kernel (AR)
\caption@tempdima=\dimen141
\captionmargin=\dimen142
\caption@leftmargin=\dimen143
\caption@rightmargin=\dimen144
\caption@width=\dimen145
\caption@indent=\dimen146
\caption@parindent=\dimen147
\caption@hangindent=\dimen148
Package caption Info: Standard document class detected.
)
\c@caption@flags=\count194
\c@continuedfloat=\count195
)
\c@KVtest=\count196
\sf@farskip=\skip50
\sf@captopadj=\dimen149
\sf@capskip=\skip51
\sf@nearskip=\skip52
\c@subfigure=\count197
\c@subfigure@save=\count198
\c@lofdepth=\count199
\c@subtable=\count266
\c@subtable@save=\count267
\c@lotdepth=\count268
\sf@top=\skip53
\sf@bottom=\skip54
)
(E:\Programas x86\MikTex\tex/latex/float\float.sty
Package: float 2001/11/08 v1.3d Float enhancements (AL)
\c@float@type=\count269
\float@exts=\toks17
\float@box=\box51
\@float@everytoks=\toks18
\@floatcapt=\box52
)
(E:\Programas x86\MikTex\tex/latex/xcolor\xcolor.sty
Package: xcolor 2021/10/31 v2.13 LaTeX color extensions (UK)

(E:\Programas x86\MikTex\tex/latex/graphics-cfg\color.cfg
File: color.cfg 2016/01/02 v1.6 sample color configuration
)
Package xcolor Info: Package option `usenames' ignored on input line 218.
Package xcolor Info: Driver file: pdftex.def on input line 227.

(E:\Programas x86\MikTex\tex/latex/colortbl\colortbl.sty
Package: colortbl 2020/01/04 v1.0e Color table columns (DPC)

(E:\Programas x86\MikTex\tex/latex/tools\array.sty
Package: array 2021/10/04 v2.5f Tabular extension package (FMi)
\col@sep=\dimen150
\ar@mcellbox=\box53
\extrarowheight=\dimen151
\NC@list=\toks19
\extratabsurround=\skip55
\backup@length=\skip56
\ar@cellbox=\box54
)
\everycr=\toks20
\minrowclearance=\skip57
)
\rownum=\count270
Package xcolor Info: Model `cmy' substituted by `cmy0' on input line 1352.
Package xcolor Info: Model `hsb' substituted by `rgb' on input line 1356.
Package xcolor Info: Model `RGB' extended on input line 1368.
Package xcolor Info: Model `HTML' substituted by `rgb' on input line 1370.
Package xcolor Info: Model `Hsb' substituted by `hsb' on input line 1371.
Package xcolor Info: Model `tHsb' substituted by `hsb' on input line 1372.
Package xcolor Info: Model `HSB' substituted by `hsb' on input line 1373.
Package xcolor Info: Model `Gray' substituted by `gray' on input line 1374.
Package xcolor Info: Model `wave' substituted by `hsb' on input line 1375.

(E:\Programas x86\MikTex\tex/latex/xcolor\svgnam.def
File: svgnam.def 2021/10/31 v2.13 Predefined colors according to SVG 1.1 (UK)
))
(E:\Programas x86\MikTex\tex/latex/multirow\multirow.sty
Package: multirow 2021/03/15 v2.8 Span multiple rows of a table
\multirow@colwidth=\skip58
\multirow@cntb=\count271
\multirow@dima=\skip59
\bigstrutjot=\dimen152
)
(E:\Programas x86\MikTex\tex/latex/tools\calc.sty
Package: calc 2017/05/25 v4.3 Infix arithmetic (KKT,FJ)
\calc@Acount=\count272
\calc@Bcount=\count273
\calc@Adimen=\dimen153
\calc@Bdimen=\dimen154
\calc@Askip=\skip60
\calc@Bskip=\skip61
LaTeX Info: Redefining \setlength on input line 80.
LaTeX Info: Redefining \addtolength on input line 81.
\calc@Ccount=\count274
\calc@Cskip=\skip62
)
(E:\Programas x86\MikTex\tex/latex/changepage\changepage.sty
Package: changepage 2009/10/20 v1.0c check page and change page layout
\c@cp@cntr=\count275
\cp@tempcnt=\count276
)
(E:\Programas x86\MikTex\tex/latex/appendix\appendix.sty
Package: appendix 2020/02/08 v1.2c extra appendix facilities
\c@@pps=\count277
\c@@ppsavesec=\count278
\c@@ppsaveapp=\count279
)
(E:\Programas x86\MikTex\tex/latex/etoolbox\etoolbox.sty
Package: etoolbox 2020/10/05 v2.5k e-TeX tools for LaTeX (JAW)
\etb@tempcnta=\count280
)
(E:\Programas x86\MikTex\tex/latex/wrapfig\wrapfig.sty
\wrapoverhang=\dimen155
\WF@size=\dimen156
\c@WF@wrappedlines=\count281
\WF@box=\box55
\WF@everypar=\toks21
Package: wrapfig 2003/01/31  v 3.6
)
(E:\Programas x86\MikTex\tex/latex/tools\tabularx.sty
Package: tabularx 2020/01/15 v2.11c `tabularx' package (DPC)
\TX@col@width=\dimen157
\TX@old@table=\dimen158
\TX@old@col=\dimen159
\TX@target=\dimen160
\TX@delta=\dimen161
\TX@cols=\count282
\TX@ftn=\toks22
)
(E:\Programas x86\MikTex\tex/latex/tools\multicol.sty
Package: multicol 2021/10/28 v1.9b multicolumn formatting (FMi)
\c@tracingmulticols=\count283
\mult@box=\box56
\multicol@leftmargin=\dimen162
\c@unbalance=\count284
\c@collectmore=\count285
\doublecol@number=\count286
\multicoltolerance=\count287
\multicolpretolerance=\count288
\full@width=\dimen163
\page@free=\dimen164
\premulticols=\dimen165
\postmulticols=\dimen166
\multicolsep=\skip63
\multicolbaselineskip=\skip64
\partial@page=\box57
\last@line=\box58
\maxbalancingoverflow=\dimen167
\mult@rightbox=\box59
\mult@grightbox=\box60
\mult@firstbox=\box61
\mult@gfirstbox=\box62
\@tempa=\box63
\@tempa=\box64
\@tempa=\box65
\@tempa=\box66
\@tempa=\box67
\@tempa=\box68
\@tempa=\box69
\@tempa=\box70
\@tempa=\box71
\@tempa=\box72
\@tempa=\box73
\@tempa=\box74
\@tempa=\box75
\@tempa=\box76
\@tempa=\box77
\@tempa=\box78
\@tempa=\box79
\@tempa=\box80
\@tempa=\box81
\@tempa=\box82
\@tempa=\box83
\@tempa=\box84
\@tempa=\box85
\@tempa=\box86
\@tempa=\box87
\@tempa=\box88
\@tempa=\box89
\@tempa=\box90
\@tempa=\box91
\@tempa=\box92
\@tempa=\box93
\@tempa=\box94
\@tempa=\box95
\@tempa=\box96
\@tempa=\box97
\@tempa=\box98
\c@minrows=\count289
\c@columnbadness=\count290
\c@finalcolumnbadness=\count291
\last@try=\dimen168
\multicolovershoot=\dimen169
\multicolundershoot=\dimen170
\mult@nat@firstbox=\box99
\colbreak@box=\box100
\mc@col@check@num=\count292
)
(E:\Programas x86\MikTex\tex/latex/xlop\xlop.sty
Package: xlop 2020/04/26 package wrapper for xlop.tex

(E:\Programas x86\MikTex\tex/generic/xlop\xlop.tex
\op@count@z=\count293
\op@count@i=\count294
\op@count@ii=\count295
\op@count@iii=\count296
\op@count@iv=\count297
\op@count@v=\count298
\op@count@vi=\count299
\op@nbop=\count300
\op@currentstyle=\toks23

`xlop' v0.28  <2020/11/11> (jcc)
\opcolumnwidth=\dimen171
\oplineheight=\dimen172
\op@strutbox=\box101
\op@decimalsepwidth=\dimen173
\op@decimalsepoffset=\dimen174
\op@hrulewidth=\dimen175
\op@vrulewidth=\dimen176
\op@parenthesis=\count301
\op@token=\count302
\op@stack=\count303
\op@stackb=\count304
)) (E:\Programas x86\MikTex\tex/generic/soul\soul.sty
Package: soul 2003/11/17 v2.4 letterspacing/underlining (mf)
\SOUL@word=\toks24
\SOUL@lasttoken=\toks25
\SOUL@cmds=\toks26
\SOUL@buffer=\toks27
\SOUL@token=\toks28
\SOUL@spaceskip=\skip65
\SOUL@ttwidth=\dimen177
\SOUL@uldp=\dimen178
\SOUL@ulht=\dimen179
)
(E:\Programas x86\MikTex\tex/latex/pgfplots\pgfplots.sty
(E:\Programas x86\MikTex\tex/generic/pgfplots\pgfplots.revision.tex)
Package: pgfplots 2021/05/15 v1.18.1 Data Visualization (1.18.1)

(E:\Programas x86\MikTex\tex/latex/pgf/frontendlayer\tikz.sty
(E:\Programas x86\MikTex\tex/latex/pgf/basiclayer\pgf.sty
(E:\Programas x86\MikTex\tex/latex/pgf/utilities\pgfrcs.sty
(E:\Programas x86\MikTex\tex/generic/pgf/utilities\pgfutil-common.tex
\pgfutil@everybye=\toks29
\pgfutil@tempdima=\dimen180
\pgfutil@tempdimb=\dimen181

(E:\Programas x86\MikTex\tex/generic/pgf/utilities\pgfutil-common-lists.tex))
(E:\Programas x86\MikTex\tex/generic/pgf/utilities\pgfutil-latex.def
\pgfutil@abb=\box102
)
(E:\Programas x86\MikTex\tex/generic/pgf/utilities\pgfrcs.code.tex
(E:\Programas x86\MikTex\tex/generic/pgf\pgf.revision.tex)
Package: pgfrcs 2021/05/15 v3.1.9a (3.1.9a)
))
Package: pgf 2021/05/15 v3.1.9a (3.1.9a)

(E:\Programas x86\MikTex\tex/latex/pgf/basiclayer\pgfcore.sty
(E:\Programas x86\MikTex\tex/latex/pgf/systemlayer\pgfsys.sty
(E:\Programas x86\MikTex\tex/generic/pgf/systemlayer\pgfsys.code.tex
Package: pgfsys 2021/05/15 v3.1.9a (3.1.9a)

(E:\Programas x86\MikTex\tex/generic/pgf/utilities\pgfkeys.code.tex
\pgfkeys@pathtoks=\toks30
\pgfkeys@temptoks=\toks31

(E:\Programas x86\MikTex\tex/generic/pgf/utilities\pgfkeysfiltered.code.tex
\pgfkeys@tmptoks=\toks32
))
\pgf@x=\dimen182
\pgf@y=\dimen183
\pgf@xa=\dimen184
\pgf@ya=\dimen185
\pgf@xb=\dimen186
\pgf@yb=\dimen187
\pgf@xc=\dimen188
\pgf@yc=\dimen189
\pgf@xd=\dimen190
\pgf@yd=\dimen191
\w@pgf@writea=\write3
\r@pgf@reada=\read2
\c@pgf@counta=\count305
\c@pgf@countb=\count306
\c@pgf@countc=\count307
\c@pgf@countd=\count308
\t@pgf@toka=\toks33
\t@pgf@tokb=\toks34
\t@pgf@tokc=\toks35
\pgf@sys@id@count=\count309

(E:\Programas x86\MikTex\tex/generic/pgf/systemlayer\pgf.cfg
File: pgf.cfg 2021/05/15 v3.1.9a (3.1.9a)
)
Driver file for pgf: pgfsys-pdftex.def

(E:\Programas x86\MikTex\tex/generic/pgf/systemlayer\pgfsys-pdftex.def
File: pgfsys-pdftex.def 2021/05/15 v3.1.9a (3.1.9a)

(E:\Programas x86\MikTex\tex/generic/pgf/systemlayer\pgfsys-common-pdf.def
File: pgfsys-common-pdf.def 2021/05/15 v3.1.9a (3.1.9a)
)))
(E:\Programas x86\MikTex\tex/generic/pgf/systemlayer\pgfsyssoftpath.code.tex
File: pgfsyssoftpath.code.tex 2021/05/15 v3.1.9a (3.1.9a)
\pgfsyssoftpath@smallbuffer@items=\count310
\pgfsyssoftpath@bigbuffer@items=\count311
)
(E:\Programas x86\MikTex\tex/generic/pgf/systemlayer\pgfsysprotocol.code.tex
File: pgfsysprotocol.code.tex 2021/05/15 v3.1.9a (3.1.9a)
))
(E:\Programas x86\MikTex\tex/generic/pgf/basiclayer\pgfcore.code.tex
Package: pgfcore 2021/05/15 v3.1.9a (3.1.9a)

(E:\Programas x86\MikTex\tex/generic/pgf/math\pgfmath.code.tex
(E:\Programas x86\MikTex\tex/generic/pgf/math\pgfmathcalc.code.tex
(E:\Programas x86\MikTex\tex/generic/pgf/math\pgfmathutil.code.tex)
(E:\Programas x86\MikTex\tex/generic/pgf/math\pgfmathparser.code.tex
\pgfmath@dimen=\dimen192
\pgfmath@count=\count312
\pgfmath@box=\box103
\pgfmath@toks=\toks36
\pgfmath@stack@operand=\toks37
\pgfmath@stack@operation=\toks38
)
(E:\Programas x86\MikTex\tex/generic/pgf/math\pgfmathfunctions.code.tex
(E:\Programas x86\MikTex\tex/generic/pgf/math\pgfmathfunctions.basic.code.tex)
(E:\Programas x86\MikTex\tex/generic/pgf/math\pgfmathfunctions.trigonometric.co
de.tex)
(E:\Programas x86\MikTex\tex/generic/pgf/math\pgfmathfunctions.random.code.tex)

(E:\Programas x86\MikTex\tex/generic/pgf/math\pgfmathfunctions.comparison.code.
tex)
(E:\Programas x86\MikTex\tex/generic/pgf/math\pgfmathfunctions.base.code.tex)
(E:\Programas x86\MikTex\tex/generic/pgf/math\pgfmathfunctions.round.code.tex)
(E:\Programas x86\MikTex\tex/generic/pgf/math\pgfmathfunctions.misc.code.tex)
(E:\Programas x86\MikTex\tex/generic/pgf/math\pgfmathfunctions.integerarithmeti
cs.code.tex)))
(E:\Programas x86\MikTex\tex/generic/pgf/math\pgfmathfloat.code.tex
\c@pgfmathroundto@lastzeros=\count313
))
(E:\Programas x86\MikTex\tex/generic/pgf/math\pgfint.code.tex)
(E:\Programas x86\MikTex\tex/generic/pgf/basiclayer\pgfcorepoints.code.tex
File: pgfcorepoints.code.tex 2021/05/15 v3.1.9a (3.1.9a)
\pgf@picminx=\dimen193
\pgf@picmaxx=\dimen194
\pgf@picminy=\dimen195
\pgf@picmaxy=\dimen196
\pgf@pathminx=\dimen197
\pgf@pathmaxx=\dimen198
\pgf@pathminy=\dimen199
\pgf@pathmaxy=\dimen256
\pgf@xx=\dimen257
\pgf@xy=\dimen258
\pgf@yx=\dimen259
\pgf@yy=\dimen260
\pgf@zx=\dimen261
\pgf@zy=\dimen262
)
(E:\Programas x86\MikTex\tex/generic/pgf/basiclayer\pgfcorepathconstruct.code.t
ex
File: pgfcorepathconstruct.code.tex 2021/05/15 v3.1.9a (3.1.9a)
\pgf@path@lastx=\dimen263
\pgf@path@lasty=\dimen264
)
(E:\Programas x86\MikTex\tex/generic/pgf/basiclayer\pgfcorepathusage.code.tex
File: pgfcorepathusage.code.tex 2021/05/15 v3.1.9a (3.1.9a)
\pgf@shorten@end@additional=\dimen265
\pgf@shorten@start@additional=\dimen266
)
(E:\Programas x86\MikTex\tex/generic/pgf/basiclayer\pgfcorescopes.code.tex
File: pgfcorescopes.code.tex 2021/05/15 v3.1.9a (3.1.9a)
\pgfpic=\box104
\pgf@hbox=\box105
\pgf@layerbox@main=\box106
\pgf@picture@serial@count=\count314
)
(E:\Programas x86\MikTex\tex/generic/pgf/basiclayer\pgfcoregraphicstate.code.te
x
File: pgfcoregraphicstate.code.tex 2021/05/15 v3.1.9a (3.1.9a)
\pgflinewidth=\dimen267
)
(E:\Programas x86\MikTex\tex/generic/pgf/basiclayer\pgfcoretransformations.code
.tex
File: pgfcoretransformations.code.tex 2021/05/15 v3.1.9a (3.1.9a)
\pgf@pt@x=\dimen268
\pgf@pt@y=\dimen269
\pgf@pt@temp=\dimen270
) (E:\Programas x86\MikTex\tex/generic/pgf/basiclayer\pgfcorequick.code.tex
File: pgfcorequick.code.tex 2021/05/15 v3.1.9a (3.1.9a)
) (E:\Programas x86\MikTex\tex/generic/pgf/basiclayer\pgfcoreobjects.code.tex
File: pgfcoreobjects.code.tex 2021/05/15 v3.1.9a (3.1.9a)
)
(E:\Programas x86\MikTex\tex/generic/pgf/basiclayer\pgfcorepathprocessing.code.
tex
File: pgfcorepathprocessing.code.tex 2021/05/15 v3.1.9a (3.1.9a)
) (E:\Programas x86\MikTex\tex/generic/pgf/basiclayer\pgfcorearrows.code.tex
File: pgfcorearrows.code.tex 2021/05/15 v3.1.9a (3.1.9a)
\pgfarrowsep=\dimen271
) (E:\Programas x86\MikTex\tex/generic/pgf/basiclayer\pgfcoreshade.code.tex
File: pgfcoreshade.code.tex 2021/05/15 v3.1.9a (3.1.9a)
\pgf@max=\dimen272
\pgf@sys@shading@range@num=\count315
\pgf@shadingcount=\count316
)
(E:\Programas x86\MikTex\tex/generic/pgf/basiclayer\pgfcoreimage.code.tex
File: pgfcoreimage.code.tex 2021/05/15 v3.1.9a (3.1.9a)

(E:\Programas x86\MikTex\tex/generic/pgf/basiclayer\pgfcoreexternal.code.tex
File: pgfcoreexternal.code.tex 2021/05/15 v3.1.9a (3.1.9a)
\pgfexternal@startupbox=\box107
))
(E:\Programas x86\MikTex\tex/generic/pgf/basiclayer\pgfcorelayers.code.tex
File: pgfcorelayers.code.tex 2021/05/15 v3.1.9a (3.1.9a)
)
(E:\Programas x86\MikTex\tex/generic/pgf/basiclayer\pgfcoretransparency.code.te
x
File: pgfcoretransparency.code.tex 2021/05/15 v3.1.9a (3.1.9a)
) (E:\Programas x86\MikTex\tex/generic/pgf/basiclayer\pgfcorepatterns.code.tex
File: pgfcorepatterns.code.tex 2021/05/15 v3.1.9a (3.1.9a)
) (E:\Programas x86\MikTex\tex/generic/pgf/basiclayer\pgfcorerdf.code.tex
File: pgfcorerdf.code.tex 2021/05/15 v3.1.9a (3.1.9a)
)))
(E:\Programas x86\MikTex\tex/generic/pgf/modules\pgfmoduleshapes.code.tex
File: pgfmoduleshapes.code.tex 2021/05/15 v3.1.9a (3.1.9a)
\pgfnodeparttextbox=\box108
)
(E:\Programas x86\MikTex\tex/generic/pgf/modules\pgfmoduleplot.code.tex
File: pgfmoduleplot.code.tex 2021/05/15 v3.1.9a (3.1.9a)
)
(E:\Programas x86\MikTex\tex/latex/pgf/compatibility\pgfcomp-version-0-65.sty
Package: pgfcomp-version-0-65 2021/05/15 v3.1.9a (3.1.9a)
\pgf@nodesepstart=\dimen273
\pgf@nodesepend=\dimen274
)
(E:\Programas x86\MikTex\tex/latex/pgf/compatibility\pgfcomp-version-1-18.sty
Package: pgfcomp-version-1-18 2021/05/15 v3.1.9a (3.1.9a)
)) (E:\Programas x86\MikTex\tex/latex/pgf/utilities\pgffor.sty
(E:\Programas x86\MikTex\tex/latex/pgf/utilities\pgfkeys.sty
(E:\Programas x86\MikTex\tex/generic/pgf/utilities\pgfkeys.code.tex))
(E:\Programas x86\MikTex\tex/latex/pgf/math\pgfmath.sty
(E:\Programas x86\MikTex\tex/generic/pgf/math\pgfmath.code.tex))
(E:\Programas x86\MikTex\tex/generic/pgf/utilities\pgffor.code.tex
Package: pgffor 2021/05/15 v3.1.9a (3.1.9a)

(E:\Programas x86\MikTex\tex/generic/pgf/math\pgfmath.code.tex)
\pgffor@iter=\dimen275
\pgffor@skip=\dimen276
\pgffor@stack=\toks39
\pgffor@toks=\toks40
))
(E:\Programas x86\MikTex\tex/generic/pgf/frontendlayer/tikz\tikz.code.tex
Package: tikz 2021/05/15 v3.1.9a (3.1.9a)

(E:\Programas x86\MikTex\tex/generic/pgf/libraries\pgflibraryplothandlers.code.
tex
File: pgflibraryplothandlers.code.tex 2021/05/15 v3.1.9a (3.1.9a)
\pgf@plot@mark@count=\count317
\pgfplotmarksize=\dimen277
)
\tikz@lastx=\dimen278
\tikz@lasty=\dimen279
\tikz@lastxsaved=\dimen280
\tikz@lastysaved=\dimen281
\tikz@lastmovetox=\dimen282
\tikz@lastmovetoy=\dimen283
\tikzleveldistance=\dimen284
\tikzsiblingdistance=\dimen285
\tikz@figbox=\box109
\tikz@figbox@bg=\box110
\tikz@tempbox=\box111
\tikz@tempbox@bg=\box112
\tikztreelevel=\count318
\tikznumberofchildren=\count319
\tikznumberofcurrentchild=\count320
\tikz@fig@count=\count321
 (E:\Programas x86\MikTex\tex/generic/pgf/modules\pgfmodulematrix.code.tex
File: pgfmodulematrix.code.tex 2021/05/15 v3.1.9a (3.1.9a)
\pgfmatrixcurrentrow=\count322
\pgfmatrixcurrentcolumn=\count323
\pgf@matrix@numberofcolumns=\count324
)
\tikz@expandcount=\count325

(E:\Programas x86\MikTex\tex/generic/pgf/frontendlayer/tikz/libraries\tikzlibra
rytopaths.code.tex
File: tikzlibrarytopaths.code.tex 2021/05/15 v3.1.9a (3.1.9a)
)))
(E:\Programas x86\MikTex\tex/generic/pgfplots\pgfplots.code.tex
(E:\Programas x86\MikTex\tex/generic/pgfplots\pgfplotscore.code.tex
\t@pgfplots@toka=\toks41
\t@pgfplots@tokb=\toks42
\t@pgfplots@tokc=\toks43
\pgfplots@tmpa=\dimen286
\c@pgfplots@coordindex=\count326
\c@pgfplots@scanlineindex=\count327

(E:\Programas x86\MikTex\tex/generic/pgfplots/sys\pgfplotssysgeneric.code.tex))
(E:\Programas x86\MikTex\tex/generic/pgfplots/libs\pgfplotslibrary.code.tex)
(E:\Programas x86\MikTex\tex/generic/pgfplots/oldpgfcompatib\pgfplotsoldpgfsupp
_loader.code.tex
(E:\Programas x86\MikTex\tex/generic/pgf/libraries\pgflibraryfpu.code.tex))
(E:\Programas x86\MikTex\tex/generic/pgfplots/util\pgfplotsutil.code.tex
(E:\Programas x86\MikTex\tex/generic/pgfplots/liststructure\pgfplotsliststructu
re.code.tex)
(E:\Programas x86\MikTex\tex/generic/pgfplots/liststructure\pgfplotsliststructu
reext.code.tex)
(E:\Programas x86\MikTex\tex/generic/pgfplots/liststructure\pgfplotsarray.code.
tex
\c@pgfplotsarray@tmp=\count328
)
(E:\Programas x86\MikTex\tex/generic/pgfplots/liststructure\pgfplotsmatrix.code
.tex)
(E:\Programas x86\MikTex\tex/generic/pgfplots/numtable\pgfplotstableshared.code
.tex
\c@pgfplotstable@counta=\count329
\t@pgfplotstable@a=\toks44
)
(E:\Programas x86\MikTex\tex/generic/pgfplots/liststructure\pgfplotsdeque.code.
tex) (E:\Programas x86\MikTex\tex/generic/pgfplots/util\pgfplotsbinary.code.tex

(E:\Programas x86\MikTex\tex/generic/pgfplots/util\pgfplotsbinary.data.code.tex
))
(E:\Programas x86\MikTex\tex/generic/pgfplots/util\pgfplotsutil.verb.code.tex)
(E:\Programas x86\MikTex\tex/generic/pgfplots/libs\pgflibrarypgfplots.surfshadi
ng.code.tex
\c@pgfplotslibrarysurf@no=\count330

(E:\Programas x86\MikTex\tex/generic/pgfplots/sys\pgflibrarypgfplots.surfshadin
g.pgfsys-pdftex.def)))
(E:\Programas x86\MikTex\tex/generic/pgfplots/util\pgfplotscolormap.code.tex
(E:\Programas x86\MikTex\tex/generic/pgfplots/util\pgfplotscolor.code.tex))
(E:\Programas x86\MikTex\tex/generic/pgfplots\pgfplotsstackedplots.code.tex)
(E:\Programas x86\MikTex\tex/generic/pgfplots\pgfplotsplothandlers.code.tex
(E:\Programas x86\MikTex\tex/generic/pgfplots\pgfplotsmeshplothandler.code.tex
(E:\Programas x86\MikTex\tex/generic/pgfplots\pgfplotsmeshplotimage.code.tex)))
(E:\Programas x86\MikTex\tex/generic/pgfplots\pgfplots.scaling.code.tex)
(E:\Programas x86\MikTex\tex/generic/pgfplots\pgfplotscoordprocessing.code.tex)
(E:\Programas x86\MikTex\tex/generic/pgfplots\pgfplots.errorbars.code.tex)
(E:\Programas x86\MikTex\tex/generic/pgfplots\pgfplots.markers.code.tex)
(E:\Programas x86\MikTex\tex/generic/pgfplots\pgfplotsticks.code.tex)
(E:\Programas x86\MikTex\tex/generic/pgfplots\pgfplots.paths.code.tex)
(E:\Programas x86\MikTex\tex/generic/pgf/frontendlayer/tikz/libraries\tikzlibra
rydecorations.code.tex
(E:\Programas x86\MikTex\tex/generic/pgf/modules\pgfmoduledecorations.code.tex
\pgfdecoratedcompleteddistance=\dimen287
\pgfdecoratedremainingdistance=\dimen288
\pgfdecoratedinputsegmentcompleteddistance=\dimen289
\pgfdecoratedinputsegmentremainingdistance=\dimen290
\pgf@decorate@distancetomove=\dimen291
\pgf@decorate@repeatstate=\count331
\pgfdecorationsegmentamplitude=\dimen292
\pgfdecorationsegmentlength=\dimen293
)
\tikz@lib@dec@box=\box113
)
(E:\Programas x86\MikTex\tex/generic/pgf/frontendlayer/tikz/libraries\tikzlibra
rydecorations.pathmorphing.code.tex
(E:\Programas x86\MikTex\tex/generic/pgf/libraries/decorations\pgflibrarydecora
tions.pathmorphing.code.tex))
(E:\Programas x86\MikTex\tex/generic/pgf/frontendlayer/tikz/libraries\tikzlibra
rydecorations.pathreplacing.code.tex
(E:\Programas x86\MikTex\tex/generic/pgf/libraries/decorations\pgflibrarydecora
tions.pathreplacing.code.tex))
(E:\Programas x86\MikTex\tex/generic/pgfplots/libs\tikzlibrarypgfplots.contourl
ua.code.tex)
\pgfplots@numplots=\count332
\pgfplots@xmin@reg=\dimen294
\pgfplots@xmax@reg=\dimen295
\pgfplots@ymin@reg=\dimen296
\pgfplots@ymax@reg=\dimen297
\pgfplots@zmin@reg=\dimen298
\pgfplots@zmax@reg=\dimen299
)
(E:\Programas x86\MikTex\tex/generic/pgf/frontendlayer/tikz/libraries\tikzlibra
ryplotmarks.code.tex
File: tikzlibraryplotmarks.code.tex 2021/05/15 v3.1.9a (3.1.9a)

(E:\Programas x86\MikTex\tex/generic/pgf/libraries\pgflibraryplotmarks.code.tex
File: pgflibraryplotmarks.code.tex 2021/05/15 v3.1.9a (3.1.9a)
)))
(E:\Programas x86\MikTex\tex/generic/pgfplots/libs\tikzlibrarypgfplots.smithcha
rt.code.tex)
(E:\Programas x86\MikTex\tex/generic/pgfplots/libs\tikzlibrarypgfplots.polar.co
de.tex) (E:\Programas x86\MikTex\tex/latex/siunitx\siunitx.sty
Package: siunitx 2022-06-07 v3.1.3 A comprehensive (SI) units package
\l__siunitx_angle_tmp_dim=\dimen300
\l__siunitx_angle_marker_box=\box114
\l__siunitx_angle_unit_box=\box115
\l__siunitx_compound_count_int=\count333

(E:\Programas x86\MikTex\tex/latex/translations\translations.sty
Package: translations 2022/02/05 v1.12 internationalization of LaTeX2e packages
 (CN)

(E:\Programas x86\MikTex\tex/generic/pdftexcmds\pdftexcmds.sty
Package: pdftexcmds 2020-06-27 v0.33 Utility functions of pdfTeX for LuaTeX (HO
)

(E:\Programas x86\MikTex\tex/generic/infwarerr\infwarerr.sty
Package: infwarerr 2019/12/03 v1.5 Providing info/warning/error messages (HO)
)
(E:\Programas x86\MikTex\tex/generic/iftex\iftex.sty
Package: iftex 2022/02/03 v1.0f TeX engine tests
)
(E:\Programas x86\MikTex\tex/generic/ltxcmds\ltxcmds.sty
Package: ltxcmds 2020-05-10 v1.25 LaTeX kernel commands for general use (HO)
)
Package pdftexcmds Info: \pdf@primitive is available.
Package pdftexcmds Info: \pdf@ifprimitive is available.
Package pdftexcmds Info: \pdfdraftmode found.
))
\l__siunitx_number_exponent_fixed_int=\count334
\l__siunitx_number_min_decimal_int=\count335
\l__siunitx_number_min_integer_int=\count336
\l__siunitx_number_round_precision_int=\count337
\l__siunitx_number_group_first_int=\count338
\l__siunitx_number_group_size_int=\count339
\l__siunitx_number_group_minimum_int=\count340

(E:\Programas x86\MikTex\tex/latex/amsmath\amstext.sty
Package: amstext 2021/08/26 v2.01 AMS text

(E:\Programas x86\MikTex\tex/latex/amsmath\amsgen.sty
File: amsgen.sty 1999/11/30 v2.0 generic functions
\@emptytoks=\toks45
\ex@=\dimen301
))
\l__siunitx_table_tmp_box=\box116
\l__siunitx_table_tmp_dim=\dimen302
\l__siunitx_table_column_width_dim=\dimen303
\l__siunitx_table_integer_box=\box117
\l__siunitx_table_decimal_box=\box118
\l__siunitx_table_before_box=\box119
\l__siunitx_table_after_box=\box120
\l__siunitx_table_before_dim=\dimen304
\l__siunitx_table_carry_dim=\dimen305
\l__siunitx_unit_tmp_int=\count341
\l__siunitx_unit_position_int=\count342
\l__siunitx_unit_total_int=\count343
)
(E:\Programas x86\MikTex\tex/latex/adjustbox\adjustbox.sty
Package: adjustbox 2020/08/19 v1.3 Adjusting TeX boxes (trim, clip, ...)

(E:\Programas x86\MikTex\tex/latex/xkeyval\xkeyval.sty
Package: xkeyval 2020/11/20 v2.8 package option processing (HA)

(E:\Programas x86\MikTex\tex/generic/xkeyval\xkeyval.tex
(E:\Programas x86\MikTex\tex/generic/xkeyval\xkvutils.tex
\XKV@toks=\toks46
\XKV@tempa@toks=\toks47
)
\XKV@depth=\count344
File: xkeyval.tex 2014/12/03 v2.7a key=value parser (HA)
))
(E:\Programas x86\MikTex\tex/latex/adjustbox\adjcalc.sty
Package: adjcalc 2012/05/16 v1.1 Provides advanced setlength with multiple back
-ends (calc, etex, pgfmath)
)
(E:\Programas x86\MikTex\tex/latex/adjustbox\trimclip.sty
Package: trimclip 2020/08/19 v1.2 Trim and clip general TeX material

(E:\Programas x86\MikTex\tex/latex/collectbox\collectbox.sty
Package: collectbox 2012/05/17 v0.4b Collect macro arguments as boxes
\collectedbox=\box121
)
\tc@llx=\dimen306
\tc@lly=\dimen307
\tc@urx=\dimen308
\tc@ury=\dimen309
Package trimclip Info: Using driver 'tc-pdftex.def'.

(E:\Programas x86\MikTex\tex/latex/adjustbox\tc-pdftex.def
File: tc-pdftex.def 2019/01/04 v2.2 Clipping driver for pdftex
))
\adjbox@Width=\dimen310
\adjbox@Height=\dimen311
\adjbox@Depth=\dimen312
\adjbox@Totalheight=\dimen313
\adjbox@pwidth=\dimen314
\adjbox@pheight=\dimen315
\adjbox@pdepth=\dimen316
\adjbox@ptotalheight=\dimen317

(E:\Programas x86\MikTex\tex/latex/ifoddpage\ifoddpage.sty
Package: ifoddpage 2016/04/23 v1.1 Conditionals for odd/even page detection
\c@checkoddpage=\count345
LaTeX Info: Redefining \checkoddpage on input line 45.
)
(E:\Programas x86\MikTex\tex/latex/varwidth\varwidth.sty
Package: varwidth 2009/03/30 ver 0.92;  Variable-width minipages
\@vwid@box=\box122
\sift@deathcycles=\count346
\@vwid@loff=\dimen318
\@vwid@roff=\dimen319
))
(E:\Programas x86\MikTex\tex/latex/geometry\geometry.sty
Package: geometry 2020/01/02 v5.9 Page Geometry

(E:\Programas x86\MikTex\tex/generic/iftex\ifvtex.sty
Package: ifvtex 2019/10/25 v1.7 ifvtex legacy package. Use iftex instead.
)
\Gm@cnth=\count347
\Gm@cntv=\count348
\c@Gm@tempcnt=\count349
\Gm@bindingoffset=\dimen320
\Gm@wd@mp=\dimen321
\Gm@odd@mp=\dimen322
\Gm@even@mp=\dimen323
\Gm@layoutwidth=\dimen324
\Gm@layoutheight=\dimen325
\Gm@layouthoffset=\dimen326
\Gm@layoutvoffset=\dimen327
\Gm@dimlist=\toks48

(E:\Programas x86\MikTex\tex/latex/geometry\geometry.cfg))
(E:\Programas x86\MikTex\tex/latex/base\inputenc.sty
Package: inputenc 2021/02/14 v1.3d Input encoding file
\inpenc@prehook=\toks49
\inpenc@posthook=\toks50
)
(E:\Programas x86\MikTex\tex/latex/base\fontenc.sty
Package: fontenc 2021/04/29 v2.0v Standard LaTeX package
)
(E:\Programas x86\MikTex\tex/latex/psnfss\avant.sty
Package: avant 2020/03/25 PSNFSS-v9.3 (SPQR) 
)
(E:\Programas x86\MikTex\tex/latex/psnfss\mathptmx.sty
Package: mathptmx 2020/03/25 PSNFSS-v9.3 Times w/ Math, improved (SPQR, WaS) 
LaTeX Font Info:    Redeclaring symbol font `operators' on input line 28.
LaTeX Font Info:    Overwriting symbol font `operators' in version `normal'
(Font)                  OT1/cmr/m/n --> OT1/ztmcm/m/n on input line 28.
LaTeX Font Info:    Overwriting symbol font `operators' in version `bold'
(Font)                  OT1/cmr/bx/n --> OT1/ztmcm/m/n on input line 28.
LaTeX Font Info:    Redeclaring symbol font `letters' on input line 29.
LaTeX Font Info:    Overwriting symbol font `letters' in version `normal'
(Font)                  OML/cmm/m/it --> OML/ztmcm/m/it on input line 29.
LaTeX Font Info:    Overwriting symbol font `letters' in version `bold'
(Font)                  OML/cmm/b/it --> OML/ztmcm/m/it on input line 29.
LaTeX Font Info:    Redeclaring symbol font `symbols' on input line 30.
LaTeX Font Info:    Overwriting symbol font `symbols' in version `normal'
(Font)                  OMS/cmsy/m/n --> OMS/ztmcm/m/n on input line 30.
LaTeX Font Info:    Overwriting symbol font `symbols' in version `bold'
(Font)                  OMS/cmsy/b/n --> OMS/ztmcm/m/n on input line 30.
LaTeX Font Info:    Redeclaring symbol font `largesymbols' on input line 31.
LaTeX Font Info:    Overwriting symbol font `largesymbols' in version `normal'
(Font)                  OMX/cmex/m/n --> OMX/ztmcm/m/n on input line 31.
LaTeX Font Info:    Overwriting symbol font `largesymbols' in version `bold'
(Font)                  OMX/cmex/m/n --> OMX/ztmcm/m/n on input line 31.
\symbold=\mathgroup4
\symitalic=\mathgroup5
LaTeX Font Info:    Redeclaring math alphabet \mathbf on input line 34.
LaTeX Font Info:    Overwriting math alphabet `\mathbf' in version `normal'
(Font)                  OT1/cmr/bx/n --> OT1/ptm/bx/n on input line 34.
LaTeX Font Info:    Overwriting math alphabet `\mathbf' in version `bold'
(Font)                  OT1/cmr/bx/n --> OT1/ptm/bx/n on input line 34.
LaTeX Font Info:    Redeclaring math alphabet \mathit on input line 35.
LaTeX Font Info:    Overwriting math alphabet `\mathit' in version `normal'
(Font)                  OT1/cmr/m/it --> OT1/ptm/m/it on input line 35.
LaTeX Font Info:    Overwriting math alphabet `\mathit' in version `bold'
(Font)                  OT1/cmr/bx/it --> OT1/ptm/m/it on input line 35.
LaTeX Info: Redefining \hbar on input line 50.
)
(E:\Programas x86\MikTex\tex/latex/microtype\microtype.sty
Package: microtype 2022/03/14 v3.0d Micro-typographical refinements (RS)
\MT@toks=\toks51
\MT@tempbox=\box123
\MT@count=\count350
LaTeX Info: Redefining \noprotrusionifhmode on input line 1027.
LaTeX Info: Redefining \leftprotrusion on input line 1028.
LaTeX Info: Redefining \rightprotrusion on input line 1036.
LaTeX Info: Redefining \textls on input line 1195.
\MT@outer@kern=\dimen328
LaTeX Info: Redefining \textmicrotypecontext on input line 1781.
\MT@listname@count=\count351

(E:\Programas x86\MikTex\tex/latex/microtype\microtype-pdftex.def
File: microtype-pdftex.def 2022/03/14 v3.0d Definitions specific to pdftex (RS)

LaTeX Info: Redefining \lsstyle on input line 900.
LaTeX Info: Redefining \lslig on input line 900.
\MT@outer@space=\skip66
)
Package microtype Info: Loading configuration file microtype.cfg.

(E:\Programas x86\MikTex\tex/latex/microtype\microtype.cfg
File: microtype.cfg 2022/03/14 v3.0d microtype main configuration file (RS)
))
(E:\Programas x86\MikTex\tex/latex/fancyhdr\fancyhdr.sty
Package: fancyhdr 2022/05/18 v4.0.3 Extensive control of page headers and foote
rs
\f@nch@headwidth=\skip67
\f@nch@O@elh=\skip68
\f@nch@O@erh=\skip69
\f@nch@O@olh=\skip70
\f@nch@O@orh=\skip71
\f@nch@O@elf=\skip72
\f@nch@O@erf=\skip73
\f@nch@O@olf=\skip74
\f@nch@O@orf=\skip75
)
(E:\Programas x86\MikTex\tex/latex/emptypage\emptypage.sty
Package: emptypage 2010/05/30 v1.2 Suppress page numbers and headings on empty 
pages
)
(E:\Programas x86\MikTex\tex/latex/listings\listings.sty
\lst@mode=\count352
\lst@gtempboxa=\box124
\lst@token=\toks52
\lst@length=\count353
\lst@currlwidth=\dimen329
\lst@column=\count354
\lst@pos=\count355
\lst@lostspace=\dimen330
\lst@width=\dimen331
\lst@newlines=\count356
\lst@lineno=\count357
\lst@maxwidth=\dimen332

(E:\Programas x86\MikTex\tex/latex/listings\lstmisc.sty
File: lstmisc.sty 2020/03/24 1.8d (Carsten Heinz)
\c@lstnumber=\count358
\lst@skipnumbers=\count359
\lst@framebox=\box125
)
(E:\Programas x86\MikTex\tex/latex/listings\listings.cfg
File: listings.cfg 2020/03/24 1.8d listings configuration
))
Package: listings 2020/03/24 1.8d (Carsten Heinz)

(E:\Programas x86\MikTex\tex/latex/listings\lstlang1.sty
File: lstlang1.sty 2020/03/24 1.8d listings language file
)
(E:\Programas x86\MikTex\tex/latex/listings\lstmisc.sty
File: lstmisc.sty 2020/03/24 1.8d (Carsten Heinz)
)
(E:\Programas x86\MikTex\tex/latex/titlesec\titlesec.sty
Package: titlesec 2021/07/05 v2.14 Sectioning titles
\ttl@box=\box126
\beforetitleunit=\skip76
\aftertitleunit=\skip77
\ttl@plus=\dimen333
\ttl@minus=\dimen334
\ttl@toksa=\toks53
\titlewidth=\dimen335
\titlewidthlast=\dimen336
\titlewidthfirst=\dimen337
)
\c@ttlp@side=\count360
\ttlp@side=\count361

(E:\Programas x86\MikTex\tex/latex/titlesec\titletoc.sty
Package: titletoc 2021/07/05 v2.14 TOC entries
\ttl@leftsep=\dimen338
)
(E:\Programas x86\MikTex\tex/latex/pdfpages\pdfpages.sty
Package: pdfpages 2022/05/22 v0.5v Insert pages of external PDF documents (AM)

(E:\Programas x86\MikTex\tex/latex/base\ifthen.sty
Package: ifthen 2022/04/13 v1.1d Standard LaTeX ifthen package (DPC)
)
(E:\Programas x86\MikTex\tex/latex/eso-pic\eso-pic.sty
Package: eso-pic 2020/10/14 v3.0a eso-pic (RN)
\ESO@tempdima=\dimen339
\ESO@tempdimb=\dimen340
)
\AM@pagewidth=\dimen341
\AM@pageheight=\dimen342
\AM@fboxrule=\dimen343

(E:\Programas x86\MikTex\tex/latex/pdfpages\pppdftex.def
File: pppdftex.def 2022/05/22 v0.5v Pdfpages driver for pdfTeX (AM)
)
\pdfpages@includegraphics@status=\count362
\AM@pagebox=\box127
\AM@global@opts=\toks54
\AM@pagecnt=\count363
\AM@toc@title=\toks55
\c@AM@survey=\count364
\AM@templatesizebox=\box128
)
(E:\Programas x86\MikTex\tex/latex/biblatex\biblatex.sty
Package: biblatex 2022/02/02 v3.17 programmable bibliographies (PK/MW)

(E:\Programas x86\MikTex\tex/latex/kvoptions\kvoptions.sty
Package: kvoptions 2020-10-07 v3.14 Key value format for package options (HO)

(E:\Programas x86\MikTex\tex/generic/kvsetkeys\kvsetkeys.sty
Package: kvsetkeys 2019/12/15 v1.18 Key value parser (HO)
))
(E:\Programas x86\MikTex\tex/latex/logreq\logreq.sty
Package: logreq 2010/08/04 v1.0 xml request logger
\lrq@indent=\count365

(E:\Programas x86\MikTex\tex/latex/logreq\logreq.def
File: logreq.def 2010/08/04 v1.0 logreq spec v1.0
))
(E:\Programas x86\MikTex\tex/latex/url\url.sty
\Urlmuskip=\muskip16
Package: url 2013/09/16  ver 3.4  Verb mode for urls, etc.
)
\c@tabx@nest=\count366
\c@listtotal=\count367
\c@listcount=\count368
\c@liststart=\count369
\c@liststop=\count370
\c@citecount=\count371
\c@citetotal=\count372
\c@multicitecount=\count373
\c@multicitetotal=\count374
\c@instcount=\count375
\c@maxnames=\count376
\c@minnames=\count377
\c@maxitems=\count378
\c@minitems=\count379
\c@citecounter=\count380
\c@maxcitecounter=\count381
\c@savedcitecounter=\count382
\c@uniquelist=\count383
\c@uniquename=\count384
\c@refsection=\count385
\c@refsegment=\count386
\c@maxextratitle=\count387
\c@maxextratitleyear=\count388
\c@maxextraname=\count389
\c@maxextradate=\count390
\c@maxextraalpha=\count391
\c@abbrvpenalty=\count392
\c@highnamepenalty=\count393
\c@lownamepenalty=\count394
\c@maxparens=\count395
\c@parenlevel=\count396
\blx@tempcnta=\count397
\blx@tempcntb=\count398
\blx@tempcntc=\count399
\c@blx@maxsection=\count400
\c@blx@maxsegment@0=\count401
\blx@notetype=\count402
\blx@parenlevel@text=\count403
\blx@parenlevel@foot=\count404
\c@blx@sectionciteorder@0=\count405
\blx@entrysetcounter=\count406
\blx@biblioinstance=\count407
\labelnumberwidth=\skip78
\labelalphawidth=\skip79
\biblabelsep=\skip80
\bibitemsep=\skip81
\bibnamesep=\skip82
\bibinitsep=\skip83
\bibparsep=\skip84
\bibhang=\skip85
\blx@bcfin=\read3
\blx@bcfout=\write4
\blx@langwohyphens=\language79
\c@mincomprange=\count408
\c@maxcomprange=\count409
\c@mincompwidth=\count410
Package biblatex Info: Trying to load biblatex default data model...
Package biblatex Info: ... file 'blx-dm.def' found.

(E:\Programas x86\MikTex\tex/latex/biblatex\blx-dm.def
File: blx-dm.def 2022/02/02 v3.17 biblatex localization (PK/MW)
)
Package biblatex Info: Trying to load biblatex citestyle data model...
Package biblatex Info: ... file 'numeric.dbx' not found.
Package biblatex Info: Trying to load biblatex custom data model...
Package biblatex Info: ... file 'biblatex-dm.cfg' not found.
\c@afterword=\count411
\c@savedafterword=\count412
\c@annotator=\count413
\c@savedannotator=\count414
\c@author=\count415
\c@savedauthor=\count416
\c@bookauthor=\count417
\c@savedbookauthor=\count418
\c@commentator=\count419
\c@savedcommentator=\count420
\c@editor=\count421
\c@savededitor=\count422
\c@editora=\count423
\c@savededitora=\count424
\c@editorb=\count425
\c@savededitorb=\count426
\c@editorc=\count427
\c@savededitorc=\count428
\c@foreword=\count429
\c@savedforeword=\count430
\c@holder=\count431
\c@savedholder=\count432
\c@introduction=\count433
\c@savedintroduction=\count434
\c@namea=\count435
\c@savednamea=\count436
\c@nameb=\count437
\c@savednameb=\count438
\c@namec=\count439
\c@savednamec=\count440
\c@translator=\count441
\c@savedtranslator=\count442
\c@shortauthor=\count443
\c@savedshortauthor=\count444
\c@shorteditor=\count445
\c@savedshorteditor=\count446
\c@labelname=\count447
\c@savedlabelname=\count448
\c@institution=\count449
\c@savedinstitution=\count450
\c@lista=\count451
\c@savedlista=\count452
\c@listb=\count453
\c@savedlistb=\count454
\c@listc=\count455
\c@savedlistc=\count456
\c@listd=\count457
\c@savedlistd=\count458
\c@liste=\count459
\c@savedliste=\count460
\c@listf=\count461
\c@savedlistf=\count462
\c@location=\count463
\c@savedlocation=\count464
\c@organization=\count465
\c@savedorganization=\count466
\c@origlocation=\count467
\c@savedoriglocation=\count468
\c@origpublisher=\count469
\c@savedorigpublisher=\count470
\c@publisher=\count471
\c@savedpublisher=\count472
\c@language=\count473
\c@savedlanguage=\count474
\c@origlanguage=\count475
\c@savedoriglanguage=\count476
\c@pageref=\count477
\c@savedpageref=\count478
\shorthandwidth=\skip86
\shortjournalwidth=\skip87
\shortserieswidth=\skip88
\shorttitlewidth=\skip89
\shortauthorwidth=\skip90
\shorteditorwidth=\skip91
\locallabelnumberwidth=\skip92
\locallabelalphawidth=\skip93
\localshorthandwidth=\skip94
\localshortjournalwidth=\skip95
\localshortserieswidth=\skip96
\localshorttitlewidth=\skip97
\localshortauthorwidth=\skip98
\localshorteditorwidth=\skip99
Package biblatex Info: Trying to load compatibility code...
Package biblatex Info: ... file 'blx-compat.def' found.

(E:\Programas x86\MikTex\tex/latex/biblatex\blx-compat.def
File: blx-compat.def 2022/02/02 v3.17 biblatex compatibility (PK/MW)
)
Package biblatex Info: Trying to load generic definitions...
Package biblatex Info: ... file 'biblatex.def' found.

(E:\Programas x86\MikTex\tex/latex/biblatex\biblatex.def
File: biblatex.def 2022/02/02 v3.17 biblatex compatibility (PK/MW)
\c@textcitecount=\count479
\c@textcitetotal=\count480
\c@textcitemaxnames=\count481
\c@biburlbigbreakpenalty=\count482
\c@biburlbreakpenalty=\count483
\c@biburlnumpenalty=\count484
\c@biburlucpenalty=\count485
\c@biburllcpenalty=\count486
\biburlbigskip=\muskip17
\biburlnumskip=\muskip18
\biburlucskip=\muskip19
\biburllcskip=\muskip20
\c@smartand=\count487
)
Package biblatex Info: Trying to load bibliography style 'numeric'...
Package biblatex Info: ... file 'numeric.bbx' found.

(E:\Programas x86\MikTex\tex/latex/biblatex/bbx\numeric.bbx
File: numeric.bbx 2022/02/02 v3.17 biblatex bibliography style (PK/MW)
Package biblatex Info: Trying to load bibliography style 'standard'...
Package biblatex Info: ... file 'standard.bbx' found.

(E:\Programas x86\MikTex\tex/latex/biblatex/bbx\standard.bbx
File: standard.bbx 2022/02/02 v3.17 biblatex bibliography style (PK/MW)
\c@bbx:relatedcount=\count488
\c@bbx:relatedtotal=\count489
))
Package biblatex Info: Trying to load citation style 'numeric'...
Package biblatex Info: ... file 'numeric.cbx' found.

(E:\Programas x86\MikTex\tex/latex/biblatex/cbx\numeric.cbx
File: numeric.cbx 2022/02/02 v3.17 biblatex citation style (PK/MW)
Package biblatex Info: Redefining '\cite'.
Package biblatex Info: Redefining '\parencite'.
Package biblatex Info: Redefining '\footcite'.
Package biblatex Info: Redefining '\footcitetext'.
Package biblatex Info: Redefining '\smartcite'.
Package biblatex Info: Redefining '\supercite'.
Package biblatex Info: Redefining '\textcite'.
Package biblatex Info: Redefining '\textcites'.
Package biblatex Info: Redefining '\cites'.
Package biblatex Info: Redefining '\parencites'.
Package biblatex Info: Redefining '\smartcites'.
)
Package biblatex Info: Trying to load configuration file...
Package biblatex Info: ... file 'biblatex.cfg' found.

(E:\Programas x86\MikTex\tex/latex/biblatex\biblatex.cfg
File: biblatex.cfg 
)
Package biblatex Info: Input encoding 'utf8' detected.
Package biblatex Info: Document encoding is UTF8 ....

(E:\Programas x86\MikTex\tex/latex/l3kernel\expl3.sty
Package: expl3 2022-06-02 L3 programming layer (loader) 

(E:\Programas x86\MikTex\tex/latex/l3backend\l3backend-pdftex.def
File: l3backend-pdftex.def 2022-04-20 L3 backend support: PDF output (pdfTeX)
\l__color_backend_stack_int=\count490
\l__pdf_internal_box=\box129
))
Package biblatex Info: ... and expl3
(biblatex)             2022-06-02 L3 programming layer (loader) 
(biblatex)             is new enough (at least 2020/04/06),
(biblatex)             setting 'casechanger=expl3'.

(E:\Programas x86\MikTex\tex/latex/biblatex\blx-case-expl3.sty
(E:\Programas x86\MikTex\tex/latex/l3packages/xparse\xparse.sty
Package: xparse 2022-06-07 L3 Experimental document command parser
)
Package: blx-case-expl3 2022/02/02 v3.17 expl3 case changing code for biblatex
))
(E:\Programas x86\MikTex\tex/latex/base\makeidx.sty
Package: makeidx 2021/10/04 v1.0m Standard LaTeX package
)
\@indexfile=\write5
\openout5 = `fastmain.idx'.


Writing index file fastmain.idx
(E:\Programas x86\MikTex\tex/latex/booktabs\booktabs.sty
Package: booktabs 2020/01/12 v1.61803398 Publication quality tables
\heavyrulewidth=\dimen344
\lightrulewidth=\dimen345
\cmidrulewidth=\dimen346
\belowrulesep=\dimen347
\belowbottomsep=\dimen348
\aboverulesep=\dimen349
\abovetopsep=\dimen350
\cmidrulesep=\dimen351
\cmidrulekern=\dimen352
\defaultaddspace=\dimen353
\@cmidla=\count491
\@cmidlb=\count492
\@aboverulesep=\dimen354
\@belowrulesep=\dimen355
\@thisruleclass=\count493
\@lastruleclass=\count494
\@thisrulewidth=\dimen356
)
(E:\Programas x86\MikTex\tex/latex/enumitem\enumitem.sty
Package: enumitem 2019/06/20 v3.9 Customized lists
\labelindent=\skip100
\enit@outerparindent=\dimen357
\enit@toks=\toks56
\enit@inbox=\box130
\enit@count@id=\count495
\enitdp@description=\count496
)
(E:\Programas x86\MikTex\tex/latex/hyperref\hyperref.sty
Package: hyperref 2022-05-17 v7.00q Hypertext links for LaTeX

(E:\Programas x86\MikTex\tex/generic/kvdefinekeys\kvdefinekeys.sty
Package: kvdefinekeys 2019-12-19 v1.6 Define keys (HO)
)
(E:\Programas x86\MikTex\tex/generic/pdfescape\pdfescape.sty
Package: pdfescape 2019/12/09 v1.15 Implements pdfTeX's escape features (HO)
)
(E:\Programas x86\MikTex\tex/latex/hycolor\hycolor.sty
Package: hycolor 2020-01-27 v1.10 Color options for hyperref/bookmark (HO)
)
(E:\Programas x86\MikTex\tex/latex/letltxmacro\letltxmacro.sty
Package: letltxmacro 2019/12/03 v1.6 Let assignment for LaTeX macros (HO)
)
(E:\Programas x86\MikTex\tex/latex/auxhook\auxhook.sty
Package: auxhook 2019-12-17 v1.6 Hooks for auxiliary files (HO)
)
(E:\Programas x86\MikTex\tex/latex/hyperref\nameref.sty
Package: nameref 2022-05-17 v2.50 Cross-referencing by name of section

(E:\Programas x86\MikTex\tex/latex/refcount\refcount.sty
Package: refcount 2019/12/15 v3.6 Data extraction from label references (HO)
)
(E:\Programas x86\MikTex\tex/generic/gettitlestring\gettitlestring.sty
Package: gettitlestring 2019/12/15 v1.6 Cleanup title references (HO)
)
\c@section@level=\count497
)
\@linkdim=\dimen358
\Hy@linkcounter=\count498
\Hy@pagecounter=\count499

(E:\Programas x86\MikTex\tex/latex/hyperref\pd1enc.def
File: pd1enc.def 2022-05-17 v7.00q Hyperref: PDFDocEncoding definition (HO)
Now handling font encoding PD1 ...
... no UTF-8 mapping file for font encoding PD1
)
(E:\Programas x86\MikTex\tex/generic/intcalc\intcalc.sty
Package: intcalc 2019/12/15 v1.3 Expandable calculations with integers (HO)
)
(E:\Programas x86\MikTex\tex/generic/etexcmds\etexcmds.sty
Package: etexcmds 2019/12/15 v1.7 Avoid name clashes with e-TeX commands (HO)
)
\Hy@SavedSpaceFactor=\count500

(E:\Programas x86\MikTex\tex/latex/hyperref\puenc.def
File: puenc.def 2022-05-17 v7.00q Hyperref: PDF Unicode definition (HO)
Now handling font encoding PU ...
... no UTF-8 mapping file for font encoding PU
)
Package hyperref Info: Hyper figures OFF on input line 4139.
Package hyperref Info: Link nesting OFF on input line 4144.
Package hyperref Info: Hyper index ON on input line 4147.
Package hyperref Info: Plain pages OFF on input line 4154.
Package hyperref Info: Backreferencing OFF on input line 4159.
Package hyperref Info: Implicit mode ON; LaTeX internals redefined.
Package hyperref Info: Bookmarks ON on input line 4385.
\c@Hy@tempcnt=\count501
LaTeX Info: Redefining \url on input line 4723.
\XeTeXLinkMargin=\dimen359

(E:\Programas x86\MikTex\tex/generic/bitset\bitset.sty
Package: bitset 2019/12/09 v1.3 Handle bit-vector datatype (HO)

(E:\Programas x86\MikTex\tex/generic/bigintcalc\bigintcalc.sty
Package: bigintcalc 2019/12/15 v1.5 Expandable calculations on big integers (HO
)
))
\Fld@menulength=\count502
\Field@Width=\dimen360
\Fld@charsize=\dimen361
Package hyperref Info: Hyper figures OFF on input line 6001.
Package hyperref Info: Link nesting OFF on input line 6006.
Package hyperref Info: Hyper index ON on input line 6009.
Package hyperref Info: backreferencing OFF on input line 6016.
Package hyperref Info: Link coloring OFF on input line 6021.
Package hyperref Info: Link coloring with OCG OFF on input line 6026.
Package hyperref Info: PDF/A mode OFF on input line 6031.

(E:\Programas x86\MikTex\tex/latex/base\atbegshi-ltx.sty
Package: atbegshi-ltx 2021/01/10 v1.0c Emulation of the original atbegshi
package with kernel methods
)
\Hy@abspage=\count503
\c@Item=\count504
\c@Hfootnote=\count505
)
Package hyperref Info: Driver (autodetected): hpdftex.

(E:\Programas x86\MikTex\tex/latex/hyperref\hpdftex.def
File: hpdftex.def 2022-05-17 v7.00q Hyperref driver for pdfTeX

(E:\Programas x86\MikTex\tex/latex/base\atveryend-ltx.sty
Package: atveryend-ltx 2020/08/19 v1.0a Emulation of the original atveryend pac
kage
with kernel methods
)
\Fld@listcount=\count506
\c@bookmark@seq@number=\count507

(E:\Programas x86\MikTex\tex/latex/rerunfilecheck\rerunfilecheck.sty
Package: rerunfilecheck 2019/12/05 v1.9 Rerun checks for auxiliary files (HO)

(E:\Programas x86\MikTex\tex/generic/uniquecounter\uniquecounter.sty
Package: uniquecounter 2019/12/15 v1.4 Provide unlimited unique counter (HO)
)
Package uniquecounter Info: New unique counter `rerunfilecheck' on input line 2
86.
)
\Hy@SectionHShift=\skip101
)
Package hyperref Info: Option `colorlinks' set `true' on input line 550.


Package hyperref Warning: Option `hyperindex' has already been used,
(hyperref)                setting the option has no effect on input line 550.

(E:\Programas x86\MikTex\tex/latex/bookmark\bookmark.sty
Package: bookmark 2020-11-06 v1.29 PDF bookmarks (HO)

(E:\Programas x86\MikTex\tex/latex/bookmark\bkm-pdftex.def
File: bkm-pdftex.def 2020-11-06 v1.29 bookmark driver for pdfTeX (HO)
\BKM@id=\count508
))
(E:\Programas x86\MikTex\tex/latex/amsmath\amsmath.sty
Package: amsmath 2022/04/08 v2.17n AMS math features
\@mathmargin=\skip102

For additional information on amsmath, use the `?' option.
(E:\Programas x86\MikTex\tex/latex/amsmath\amsbsy.sty
Package: amsbsy 1999/11/29 v1.2d Bold Symbols
\pmbraise@=\dimen362
)
(E:\Programas x86\MikTex\tex/latex/amsmath\amsopn.sty
Package: amsopn 2022/04/08 v2.04 operator names
)
\inf@bad=\count509
LaTeX Info: Redefining \frac on input line 234.
\uproot@=\count510
\leftroot@=\count511
LaTeX Info: Redefining \overline on input line 399.
LaTeX Info: Redefining \colon on input line 410.
\classnum@=\count512
\DOTSCASE@=\count513
LaTeX Info: Redefining \ldots on input line 496.
LaTeX Info: Redefining \dots on input line 499.
LaTeX Info: Redefining \cdots on input line 620.
\Mathstrutbox@=\box131
\strutbox@=\box132
LaTeX Info: Redefining \big on input line 722.
LaTeX Info: Redefining \Big on input line 723.
LaTeX Info: Redefining \bigg on input line 724.
LaTeX Info: Redefining \Bigg on input line 725.
\big@size=\dimen363
LaTeX Font Info:    Redeclaring font encoding OML on input line 743.
LaTeX Font Info:    Redeclaring font encoding OMS on input line 744.
\macc@depth=\count514
LaTeX Info: Redefining \bmod on input line 905.
LaTeX Info: Redefining \pmod on input line 910.
LaTeX Info: Redefining \smash on input line 940.
LaTeX Info: Redefining \relbar on input line 970.
LaTeX Info: Redefining \Relbar on input line 971.
\c@MaxMatrixCols=\count515
\dotsspace@=\muskip21
\c@parentequation=\count516
\dspbrk@lvl=\count517
\tag@help=\toks57
\row@=\count518
\column@=\count519
\maxfields@=\count520
\andhelp@=\toks58
\eqnshift@=\dimen364
\alignsep@=\dimen365
\tagshift@=\dimen366
\tagwidth@=\dimen367
\totwidth@=\dimen368
\lineht@=\dimen369
\@envbody=\toks59
\multlinegap=\skip103
\multlinetaggap=\skip104
\mathdisplay@stack=\toks60
LaTeX Info: Redefining \[ on input line 2953.
LaTeX Info: Redefining \] on input line 2954.
)
(E:\Programas x86\MikTex\tex/latex/amsfonts\amsfonts.sty
Package: amsfonts 2013/01/14 v3.01 Basic AMSFonts support
\symAMSa=\mathgroup6
\symAMSb=\mathgroup7
LaTeX Font Info:    Overwriting math alphabet `\mathfrak' in version `bold'
(Font)                  U/euf/m/n --> U/euf/b/n on input line 106.
)
(E:\Programas x86\MikTex\tex/latex/amsfonts\amssymb.sty
Package: amssymb 2013/01/14 v3.01 AMS font symbols
)
(E:\Programas x86\MikTex\tex/latex/amscls\amsthm.sty
Package: amsthm 2020/05/29 v2.20.6
\thm@style=\toks61
\thm@bodyfont=\toks62
\thm@headfont=\toks63
\thm@notefont=\toks64
\thm@headpunct=\toks65
\thm@preskip=\skip105
\thm@postskip=\skip106
\thm@headsep=\skip107
\dth@everypar=\toks66
)
(E:\Programas x86\MikTex\tex/latex/cancel\cancel.sty
Package: cancel 2013/04/12 v2.2 Cancel math terms
)
(E:\Programas x86\MikTex\tex/latex/karnaugh-map\karnaugh-map.sty
Package: karnaugh-map 2022/01/15 v2.0 Draw Karnaugh Maps

(E:\Programas x86\MikTex\tex/latex/xstring\xstring.sty
(E:\Programas x86\MikTex\tex/generic/xstring\xstring.tex
\integerpart=\count521
\decimalpart=\count522
)
Package: xstring 2021/07/21 v1.84 String manipulations (CT)
)
(E:\Programas x86\MikTex\tex/generic/pgf/frontendlayer/tikz/libraries\tikzlibra
rycalc.code.tex
File: tikzlibrarycalc.code.tex 2021/05/15 v3.1.9a (3.1.9a)
)
(E:\Programas x86\MikTex\tex/generic/pgf/frontendlayer/tikz/libraries\tikzlibra
rymatrix.code.tex
File: tikzlibrarymatrix.code.tex 2021/05/15 v3.1.9a (3.1.9a)
)
\@karnaughmap@var@colorindex@=\count523
\@karnaughmap@var@colorindexnext@=\count524
)
\c@proposition=\count525
\c@theoremeT=\count526
\c@problem=\count527
\c@exampleT=\count528
\c@exerciseT=\count529
\c@notation=\count530
\c@vocabulary=\count531
\c@definitionT=\count532
\c@corollaryT=\count533
 (E:\Programas x86\MikTex\tex/latex/mdframed\mdframed.sty
Package: mdframed 2013/07/01 1.9b: mdframed

(E:\Programas x86\MikTex\tex/latex/zref\zref-abspage.sty
Package: zref-abspage 2022-04-07 v2.34 Module abspage for zref (HO)

(E:\Programas x86\MikTex\tex/latex/zref\zref-base.sty
Package: zref-base 2022-04-07 v2.34 Module base for zref (HO)
Package zref Info: New property list: main on input line 767.
Package zref Info: New property: default on input line 768.
Package zref Info: New property: page on input line 769.
)
\c@abspage=\count534
Package zref Info: New property: abspage on input line 65.
)
(E:\Programas x86\MikTex\tex/latex/needspace\needspace.sty
Package: needspace 2010/09/12 v1.3d reserve vertical space
)
\mdf@templength=\skip108
\c@mdf@globalstyle@cnt=\count535
\mdf@skipabove@length=\skip109
\mdf@skipbelow@length=\skip110
\mdf@leftmargin@length=\skip111
\mdf@rightmargin@length=\skip112
\mdf@innerleftmargin@length=\skip113
\mdf@innerrightmargin@length=\skip114
\mdf@innertopmargin@length=\skip115
\mdf@innerbottommargin@length=\skip116
\mdf@splittopskip@length=\skip117
\mdf@splitbottomskip@length=\skip118
\mdf@outermargin@length=\skip119
\mdf@innermargin@length=\skip120
\mdf@linewidth@length=\skip121
\mdf@innerlinewidth@length=\skip122
\mdf@middlelinewidth@length=\skip123
\mdf@outerlinewidth@length=\skip124
\mdf@roundcorner@length=\skip125
\mdf@footenotedistance@length=\skip126
\mdf@userdefinedwidth@length=\skip127
\mdf@needspace@length=\skip128
\mdf@frametitleaboveskip@length=\skip129
\mdf@frametitlebelowskip@length=\skip130
\mdf@frametitlerulewidth@length=\skip131
\mdf@frametitleleftmargin@length=\skip132
\mdf@frametitlerightmargin@length=\skip133
\mdf@shadowsize@length=\skip134
\mdf@extratopheight@length=\skip135
\mdf@subtitleabovelinewidth@length=\skip136
\mdf@subtitlebelowlinewidth@length=\skip137
\mdf@subtitleaboveskip@length=\skip138
\mdf@subtitlebelowskip@length=\skip139
\mdf@subtitleinneraboveskip@length=\skip140
\mdf@subtitleinnerbelowskip@length=\skip141
\mdf@subsubtitleabovelinewidth@length=\skip142
\mdf@subsubtitlebelowlinewidth@length=\skip143
\mdf@subsubtitleaboveskip@length=\skip144
\mdf@subsubtitlebelowskip@length=\skip145
\mdf@subsubtitleinneraboveskip@length=\skip146
\mdf@subsubtitleinnerbelowskip@length=\skip147

(E:\Programas x86\MikTex\tex/latex/mdframed\md-frame-0.mdf
File: md-frame-0.mdf 2013/07/01\ 1.9b: md-frame-0
)
\mdf@frametitlebox=\box133
\mdf@footnotebox=\box134
\mdf@splitbox@one=\box135
\mdf@splitbox@two=\box136
\mdf@splitbox@save=\box137
\mdfsplitboxwidth=\skip148
\mdfsplitboxtotalwidth=\skip149
\mdfsplitboxheight=\skip150
\mdfsplitboxdepth=\skip151
\mdfsplitboxtotalheight=\skip152
\mdfframetitleboxwidth=\skip153
\mdfframetitleboxtotalwidth=\skip154
\mdfframetitleboxheight=\skip155
\mdfframetitleboxdepth=\skip156
\mdfframetitleboxtotalheight=\skip157
\mdffootnoteboxwidth=\skip158
\mdffootnoteboxtotalwidth=\skip159
\mdffootnoteboxheight=\skip160
\mdffootnoteboxdepth=\skip161
\mdffootnoteboxtotalheight=\skip162
\mdftotallinewidth=\skip163
\mdfboundingboxwidth=\skip164
\mdfboundingboxtotalwidth=\skip165
\mdfboundingboxheight=\skip166
\mdfboundingboxdepth=\skip167
\mdfboundingboxtotalheight=\skip168
\mdf@freevspace@length=\skip169
\mdf@horizontalwidthofbox@length=\skip170
\mdf@verticalmarginwhole@length=\skip171
\mdf@horizontalspaceofbox=\skip172
\mdfsubtitleheight=\skip173
\mdfsubsubtitleheight=\skip174
\c@mdfcountframes=\count536

****** mdframed patching \endmdf@trivlist

****** -- success******

\mdf@envdepth=\count537
\c@mdf@env@i=\count538
\c@mdf@env@ii=\count539
\c@mdf@zref@counter=\count540
Package zref Info: New property: mdf@pagevalue on input line 895.
)
(E:\Programas x86\MikTex\tex/latex/lipsum\lipsum.sty
(E:\Programas x86\MikTex\tex/latex/l3packages/l3keys2e\l3keys2e.sty
Package: l3keys2e 2022-06-07 LaTeX2e option processing using LaTeX3 keys
)
Package: lipsum 2021-09-20 v2.7 150 paragraphs of Lorem Ipsum dummy text
\g__lipsum_par_int=\count541
\l__lipsum_a_int=\count542
\l__lipsum_b_int=\count543

(E:\Programas x86\MikTex\tex/latex/lipsum\lipsum.ltd.tex))
(E:\Programas x86\MikTex\tex/latex/steinmetz\steinmetz.sty
Package: steinmetz 2009/06/14 v1.0 Steinmetz symbol for electrotechnics

(E:\Programas x86\MikTex\tex/latex/pict2e\pict2e.sty
Package: pict2e 2020/09/30 v0.4b Improved picture commands (HjG,RN,JT)

(E:\Programas x86\MikTex\tex/latex/pict2e\pict2e.cfg
File: pict2e.cfg 2016/02/05 v0.1u pict2e configuration for teTeX/TeXLive
)
Package pict2e Info: Driver file: pdftex.def on input line 112.
Package pict2e Info: Driver file for pict2e: p2e-pdftex.def on input line 114.

(E:\Programas x86\MikTex\tex/latex/pict2e\p2e-pdftex.def
File: p2e-pdftex.def 2016/02/05 v0.1u Driver-dependant file (RN,HjG,JT)
)
\pIIe@GRAPH=\toks67
\@arclen=\dimen370
\@arcrad=\dimen371
\pIIe@tempdima=\dimen372
\pIIe@tempdimb=\dimen373
\pIIe@tempdimc=\dimen374
\pIIe@tempdimd=\dimen375
\pIIe@tempdime=\dimen376
\pIIe@tempdimf=\dimen377
)
\stm@phasebox=\box138
\stm@phasedp=\skip175
\stm@phaseht=\skip176
\stm@phasetot=\skip177
\stm@phasewd=\skip178
))
Package translations Info: No language package found. I am going to use `englis
h' as default language. on input line 18.
\@quotelevel=\count544
\@quotereset=\count545
LaTeX Font Info:    Trying to load font information for T1+ptm on input line 18
.

(E:\Programas x86\MikTex\tex/latex/psnfss\t1ptm.fd
File: t1ptm.fd 2001/06/04 font definitions for T1/ptm.
) (fastmain.aux)
\openout1 = `fastmain.aux'.

LaTeX Font Info:    Checking defaults for OML/cmm/m/it on input line 18.
LaTeX Font Info:    ... okay on input line 18.
LaTeX Font Info:    Checking defaults for OMS/cmsy/m/n on input line 18.
LaTeX Font Info:    ... okay on input line 18.
LaTeX Font Info:    Checking defaults for OT1/cmr/m/n on input line 18.
LaTeX Font Info:    ... okay on input line 18.
LaTeX Font Info:    Checking defaults for T1/cmr/m/n on input line 18.
LaTeX Font Info:    ... okay on input line 18.
LaTeX Font Info:    Checking defaults for TS1/cmr/m/n on input line 18.
LaTeX Font Info:    ... okay on input line 18.
LaTeX Font Info:    Checking defaults for OMX/cmex/m/n on input line 18.
LaTeX Font Info:    ... okay on input line 18.
LaTeX Font Info:    Checking defaults for U/cmr/m/n on input line 18.
LaTeX Font Info:    ... okay on input line 18.
LaTeX Font Info:    Checking defaults for PD1/pdf/m/n on input line 18.
LaTeX Font Info:    ... okay on input line 18.
LaTeX Font Info:    Checking defaults for PU/pdf/m/n on input line 18.
LaTeX Font Info:    ... okay on input line 18.

(E:\Programas x86\MikTex\tex/context/base/mkii\supp-pdf.mkii
[Loading MPS to PDF converter (version 2006.09.02).]
\scratchcounter=\count546
\scratchdimen=\dimen378
\scratchbox=\box139
\nofMPsegments=\count547
\nofMParguments=\count548
\everyMPshowfont=\toks68
\MPscratchCnt=\count549
\MPscratchDim=\dimen379
\MPnumerator=\count550
\makeMPintoPDFobject=\count551
\everyMPtoPDFconversion=\toks69
) (E:\Programas x86\MikTex\tex/latex/epstopdf-pkg\epstopdf-base.sty
Package: epstopdf-base 2020-01-24 v2.11 Base part for package epstopdf
Package epstopdf-base Info: Redefining graphics rule for `.eps' on input line 4
85.

(E:\Programas x86\MikTex\tex/latex/00miktex\epstopdf-sys.cfg
File: epstopdf-sys.cfg 2021/03/18 v2.0 Configuration of epstopdf for MiKTeX
))
Package caption Info: Begin \AtBeginDocument code.
Package caption Info: subfig package v1.3 is loaded.
Package caption Info: changepage package is loaded.
\caption@adjustwidth@hsize=\dimen380
\caption@adjustwidth@linewidth=\dimen381
Package caption Info: float package is loaded.
Package caption Info: hyperref package is loaded.
Package caption Info: listings package is loaded.
Package caption Info: wrapfig package is loaded.
Package caption Info: End \AtBeginDocument code.

Package pgfplots notification 'compat/show suggested version=true': you might b
enefit from \pgfplotsset{compat=1.18} (current compat level: 1.7).


(E:\Programas x86\MikTex\tex/latex/translations/dicts\translations-basic-dictio
nary-english.trsl
File: translations-basic-dictionary-english.trsl (english translation file `tra
nslations-basic-dictionary')
)
Package translations Info: loading dictionary `translations-basic-dictionary' f
or `english'. on input line 18.

*geometry* driver: auto-detecting
*geometry* detected driver: pdftex
*geometry* verbose mode - [ preamble ] result:
* driver: pdftex
* paper: a4paper
* layout: <same size as paper>
* layoutoffset:(h,v)=(0.0pt,0.0pt)
* modes: twoside 
* h-part:(L,W,R)=(85.35826pt, 426.79135pt, 85.35826pt)
* v-part:(T,H,B)=(85.35826pt, 688.5567pt, 71.13188pt)
* \paperwidth=597.50787pt
* \paperheight=845.04684pt
* \textwidth=426.79135pt
* \textheight=688.5567pt
* \oddsidemargin=13.08827pt
* \evensidemargin=13.08827pt
* \topmargin=-11.13809pt
* \headheight=14.22636pt
* \headsep=10.0pt
* \topskip=12.0pt
* \footskip=39.83368pt
* \marginparwidth=88.0pt
* \marginparsep=7.0pt
* \columnsep=28.45274pt
* \skip\footins=10.8pt plus 4.0pt minus 2.0pt
* \hoffset=0.0pt
* \voffset=0.0pt
* \mag=1000
* \@twocolumnfalse
* \@twosidetrue
* \@mparswitchtrue
* \@reversemarginfalse
* (1in=72.27pt=25.4mm, 1cm=28.453pt)

LaTeX Info: Redefining \microtypecontext on input line 18.
Package microtype Info: Applying patch `item' on input line 18.
Package microtype Info: Applying patch `toc' on input line 18.

Package microtype Warning: Unable to apply patch `eqnum' on input line 18.

Package microtype Info: Applying patch `footnote' on input line 18.
Package microtype Info: Generating PDF output.
Package microtype Info: Character protrusion enabled (level 2).
Package microtype Info: Using default protrusion set `alltext'.
Package microtype Info: Automatic font expansion enabled (level 2),
(microtype)             stretch: 20, shrink: 20, step: 1, non-selected.
Package microtype Info: Using default expansion set `alltext-nott'.
LaTeX Info: Redefining \showhyphens on input line 18.
Package microtype Info: No adjustment of tracking.
Package microtype Info: No adjustment of interword spacing.
Package microtype Info: No adjustment of character kerning.
(E:\Programas x86\MikTex\tex/latex/microtype\mt-ptm.cfg
File: mt-ptm.cfg 2006/04/20 v1.7 microtype config. file: Times (RS)
)
\c@lstlisting=\count552

(E:\Programas x86\MikTex\tex/latex/pdflscape\pdflscape.sty
Package: pdflscape 2019/12/05 v0.12 Display of landscape pages in PDF (HO)

(E:\Programas x86\MikTex\tex/latex/graphics\lscape.sty
Package: lscape 2020/05/28 v3.02 Landscape Pages (DPC)
)
Package pdflscape Info: Auto-detected driver: pdftex on input line 81.
)
Package biblatex Info: Trying to load language 'english'...
Package biblatex Info: ... file 'english.lbx' found.

(E:\Programas x86\MikTex\tex/latex/biblatex/lbx\english.lbx
File: english.lbx 2022/02/02 v3.17 biblatex localization (PK/MW)
)
Package biblatex Info: Input encoding 'utf8' detected.
Package biblatex Info: Automatic encoding selection.
(biblatex)             Assuming data encoding 'utf8'.
\openout4 = `fastmain.bcf'.

Package biblatex Info: Trying to load bibliographic data...
Package biblatex Info: ... file 'fastmain.bbl' found.
 (fastmain.bbl)
Package biblatex Info: Reference section=0 on input line 18.
Package biblatex Info: Reference segment=0 on input line 18.
Package hyperref Info: Link coloring ON on input line 18.
LaTeX Font Info:    Trying to load font information for T1+pag on input line 23
.

(E:\Programas x86\MikTex\tex/latex/psnfss\t1pag.fd
File: t1pag.fd 2001/06/04 font definitions for T1/pag.
)
LaTeX Font Info:    Font shape `T1/pag/b/n' in size <12> not available
(Font)              Font shape `T1/pag/db/n' tried instead on input line 23.
Package microtype Info: Loading generic protrusion settings for font family
(microtype)             `pag' (encoding: T1).
(microtype)             For optimal results, create family-specific settings.
(microtype)             See the microtype manual for details.
LaTeX Font Info:    Font shape `T1/pag/b/n' in size <17.28> not available
(Font)              Font shape `T1/pag/db/n' tried instead on input line 23.


LaTeX Warning: No positions in optional float specifier.
               Default added (so using `tbp') on input line 25.

LaTeX Font Info:    Trying to load font information for OT1+ztmcm on input line
 26.
(E:\Programas x86\MikTex\tex/latex/psnfss\ot1ztmcm.fd
File: ot1ztmcm.fd 2000/01/03 Fontinst v1.801 font definitions for OT1/ztmcm.
)
Package microtype Info: Loading generic protrusion settings for font family
(microtype)             `ztmcm' (encoding: OT1).
(microtype)             For optimal results, create family-specific settings.
(microtype)             See the microtype manual for details.
LaTeX Font Info:    Trying to load font information for OML+ztmcm on input line
 26.

(E:\Programas x86\MikTex\tex/latex/psnfss\omlztmcm.fd
File: omlztmcm.fd 2000/01/03 Fontinst v1.801 font definitions for OML/ztmcm.
)
LaTeX Font Info:    Trying to load font information for OMS+ztmcm on input line
 26.

(E:\Programas x86\MikTex\tex/latex/psnfss\omsztmcm.fd
File: omsztmcm.fd 2000/01/03 Fontinst v1.801 font definitions for OMS/ztmcm.
)
LaTeX Font Info:    Trying to load font information for OMX+ztmcm on input line
 26.

(E:\Programas x86\MikTex\tex/latex/psnfss\omxztmcm.fd
File: omxztmcm.fd 2000/01/03 Fontinst v1.801 font definitions for OMX/ztmcm.
)
LaTeX Font Info:    Trying to load font information for OT1+ptm on input line 2
6.

(E:\Programas x86\MikTex\tex/latex/psnfss\ot1ptm.fd
File: ot1ptm.fd 2001/06/04 font definitions for OT1/ptm.
)
LaTeX Font Info:    Font shape `OT1/ptm/bx/n' in size <12> not available
(Font)              Font shape `OT1/ptm/b/n' tried instead on input line 26.
LaTeX Font Info:    Font shape `OT1/ptm/bx/n' in size <9> not available
(Font)              Font shape `OT1/ptm/b/n' tried instead on input line 26.
LaTeX Font Info:    Font shape `OT1/ptm/bx/n' in size <7> not available
(Font)              Font shape `OT1/ptm/b/n' tried instead on input line 26.

(E:\Programas x86\MikTex\tex/latex/microtype\mt-msa.cfg
File: mt-msa.cfg 2006/02/04 v1.1 microtype config. file: AMS symbols (a) (RS)
)
(E:\Programas x86\MikTex\tex/latex/microtype\mt-msb.cfg
File: mt-msb.cfg 2005/06/01 v1.0 microtype config. file: AMS symbols (b) (RS)
)
Overfull \hbox (259.20186pt too wide) in paragraph at lines 26--42
[][] 
 []


LaTeX Warning: Reference `subsec:DEL' on page 1 undefined on input line 45.

LaTeX Font Info:    Trying to load font information for TS1+ptm on input line 4
7.
(E:\Programas x86\MikTex\tex/latex/psnfss\ts1ptm.fd
File: ts1ptm.fd 2001/06/04 font definitions for TS1/ptm.
)

Package fancyhdr Warning: \headheight is too small (14.22636pt): 
(fancyhdr)                Make it at least 14.49998pt, for example:
(fancyhdr)                \setlength{\headheight}{14.49998pt}.
(fancyhdr)                You might also make \topmargin smaller to compensate:

(fancyhdr)                \addtolength{\topmargin}{-0.27362pt}.

[1{C:/Users/User/AppData/Local/MiKTeX/fonts/map/pdftex/pdftex.map}


pdfTeX warning (ext4): destination with the same identifier (name{equation.0.1.
1}) has been already used, duplicate ignored
<argument> ...shipout:D \box_use:N \l_shipout_box 
                                                  \__shipout_drop_firstpage_...
l.70 \end{align}
                ]
<Images//LT/LT1.png, id=28, 534.66417pt x 283.72667pt>
File: Images//LT/LT1.png Graphic file (type png)
<use Images//LT/LT1.png>
Package pdftex.def Info: Images//LT/LT1.png  used on input line 78.
(pdftex.def)             Requested size: 341.43437pt x 181.18613pt.
<Images//LT/LT2.png, id=30, 563.01772pt x 282.88542pt>
File: Images//LT/LT2.png Graphic file (type png)
<use Images//LT/LT2.png>
Package pdftex.def Info: Images//LT/LT2.png  used on input line 79.
(pdftex.def)             Requested size: 341.43437pt x 171.55411pt.
Package mdframed Info: mdframed works in twoside mode on input line 86.
Package mdframed Info: mdframed detected package amsthm 
 changed the theorem header of amsthm
(mdframed)              on input line 86.
LaTeX Font Info:    Font shape `T1/pag/b/n' in size <10.95> not available
(Font)              Font shape `T1/pag/db/n' tried instead on input line 86.


LaTeX Warning: Reference `fig:ATmega328 pinout' on page 2 undefined on input li
ne 87.


Package fancyhdr Warning: \headheight is too small (14.22636pt): 
(fancyhdr)                Make it at least 14.49998pt, for example:
(fancyhdr)                \setlength{\headheight}{14.49998pt}.
(fancyhdr)                You might also make \topmargin smaller to compensate:

(fancyhdr)                \addtolength{\topmargin}{-0.27362pt}.

[2
pdfTeX warning (ext4): destination with the same identifier (name{equation.0.1.
2}) has been already used, duplicate ignored
<argument> ...shipout:D \box_use:N \l_shipout_box 
                                                  \__shipout_drop_firstpage_...
l.93 \end{definition}
                     
pdfTeX warning (ext4): destination with the same identifier (name{equation.0.1.
1}) has been already used, duplicate ignored
<argument> ...shipout:D \box_use:N \l_shipout_box 
                                                  \__shipout_drop_firstpage_...
l.93 \end{definition}
                     
pdfTeX warning (ext4): destination with the same identifier (name{equation.0.1.
2}) has been already used, duplicate ignored
<argument> ...shipout:D \box_use:N \l_shipout_box 
                                                  \__shipout_drop_firstpage_...
l.93 \end{definition}
                      <./Images//LT/LT1.png> <./Images//LT/LT2.png>]

Package fancyhdr Warning: \headheight is too small (14.22636pt): 
(fancyhdr)                Make it at least 14.49998pt, for example:
(fancyhdr)                \setlength{\headheight}{14.49998pt}.
(fancyhdr)                You might also make \topmargin smaller to compensate:

(fancyhdr)                \addtolength{\topmargin}{-0.27362pt}.

[3] (fastmain.aux)

LaTeX Warning: There were undefined references.


LaTeX Warning: Label(s) may have changed. Rerun to get cross-references right.

Package logreq Info: Writing requests to 'fastmain.run.xml'.
\openout1 = `fastmain.run.xml'.

 ) 
Here is how much of TeX's memory you used:
 53489 strings out of 478354
 1187355 string characters out of 2846936
 2131321 words of memory out of 3000000
 70899 multiletter control sequences out of 15000+600000
 525981 words of font info for 165 fonts, out of 8000000 for 9000
 1141 hyphenation exceptions out of 8191
 114i,19n,108p,1155b,1100s stack positions out of 10000i,1000n,20000p,200000b,80000s
{E:/Programas x86/MikTex/fonts/enc/dvips/base/8r.enc}<E:/Programas x86/MikTex
/fonts/type1/public/amsfonts/cm/cmex10.pfb><E:/Programas x86/MikTex/fonts/type1
/public/amsfonts/cm/cmr10.pfb><E:/Programas x86/MikTex/fonts/type1/public/amsfo
nts/cm/cmsy10.pfb><E:/Programas x86/MikTex/fonts/type1/urw/avantgar/uagd8a.pfb>
<E:/Programas x86/MikTex/fonts/type1/urw/avantgar/uagk8a.pfb><E:/Programas x86/
MikTex/fonts/type1/urw/symbol/usyr.pfb><E:/Programas x86/MikTex/fonts/type1/urw
/symbol/usyr.pfb><E:/Programas x86/MikTex/fonts/type1/urw/times/utmb8a.pfb><E:/
Programas x86/MikTex/fonts/type1/urw/times/utmr8a.pfb><E:/Programas x86/MikTex/
fonts/type1/urw/times/utmri8a.pfb>
Output written on fastmain.pdf (3 pages, 274391 bytes).
PDF statistics:
 99 PDF objects out of 1000 (max. 8388607)
 17 named destinations out of 1000 (max. 500000)
 60959 words of extra memory for PDF output out of 61914 (max. 10000000)

